<?xml version="1.0" encoding="UTF-8"?>
<testng-results ignored="0" total="1" passed="0" failed="1" skipped="0">
  <reporter-output>
    <line>
      <![CDATA[==================================================]]>
    </line>
    <line>
      <![CDATA[Testcase Start Time : 8_53_9_PM]]>
    </line>
    <line>
      <![CDATA[==================================================]]>
    </line>
    <line>
      <![CDATA[==================================================]]>
    </line>
    <line>
      <![CDATA[Testcase End Time : 8_53_17_PM]]>
    </line>
    <line>
      <![CDATA[==================================================]]>
    </line>
    <line>
      <![CDATA[----------------------------------------------- BROWSER SERVICES DOESN'T CLOSE -----------------------------------------------]]>
    </line>
  </reporter-output>
  <suite started-at="2022-07-06T20:53:04 IST" name="GS-Lab Automation" finished-at="2022-07-06T20:53:20 IST" duration-ms="16209">
    <groups>
      <group name="cucumber">
        <method signature="AbstractTestNGCucumberTests.feature(cucumber.api.testng.CucumberFeatureWrapper)[pri:0, instance:com.utility.cucumber.TestNGCukesRunner@238d68ff]" name="feature" class="cucumber.api.testng.AbstractTestNGCucumberTests"/>
      </group> <!-- cucumber -->
    </groups>
    <test started-at="2022-07-06T20:53:04 IST" name="TestNGCucumberRunner" finished-at="2022-07-06T20:53:20 IST" duration-ms="16209">
      <class name="com.utility.cucumber.TestNGCukesRunner">
        <test-method is-config="true" signature="setup()[pri:0, instance:com.utility.cucumber.TestNGCukesRunner@238d68ff]" started-at="2022-07-06T20:53:04 IST" name="setup" finished-at="2022-07-06T20:53:04 IST" duration-ms="72" status="PASS">
          <reporter-output>
          </reporter-output>
        </test-method> <!-- setup -->
        <test-method is-config="true" signature="beforeTest()[pri:0, instance:com.utility.cucumber.TestNGCukesRunner@238d68ff]" started-at="2022-07-06T20:53:04 IST" name="beforeTest" finished-at="2022-07-06T20:53:15 IST" duration-ms="11138" status="PASS">
          <reporter-output>
            <line>
              <![CDATA[==================================================]]>
            </line>
            <line>
              <![CDATA[Testcase Start Time : 8_53_9_PM]]>
            </line>
            <line>
              <![CDATA[==================================================]]>
            </line>
          </reporter-output>
        </test-method> <!-- beforeTest -->
        <test-method is-config="true" signature="setUpClass()[pri:0, instance:com.utility.cucumber.TestNGCukesRunner@238d68ff]" started-at="2022-07-06T20:53:15 IST" name="setUpClass" finished-at="2022-07-06T20:53:15 IST" duration-ms="493" status="PASS">
          <reporter-output>
          </reporter-output>
        </test-method> <!-- setUpClass -->
        <test-method signature="feature(cucumber.api.testng.CucumberFeatureWrapper)[pri:0, instance:com.utility.cucumber.TestNGCukesRunner@238d68ff]" started-at="2022-07-06T20:53:16 IST" name="feature" description="Runs Cucumber Feature" data-provider="features" finished-at="2022-07-06T20:53:16 IST" duration-ms="590" status="FAIL">
          <params>
            <param index="0">
              <value>
                <![CDATA[As a User of CME-EDB Reporting I am on Report Request Page. I am trying to validating all possible features and scenario of Report Request.]]>
              </value>
            </param>
          </params>
          <exception class="cucumber.runtime.CucumberException">
            <message>
              <![CDATA[java.lang.Error: Unresolved compilation problem: 
FileUtils cannot be resolved
]]>
            </message>
            <full-stacktrace>
              <![CDATA[cucumber.runtime.CucumberException: java.lang.Error: Unresolved compilation problem: 
FileUtils cannot be resolved

at cucumber.api.testng.TestNGCucumberRunner.runCucumber(TestNGCucumberRunner.java:69)
at cucumber.api.testng.AbstractTestNGCucumberTests.feature(AbstractTestNGCucumberTests.java:21)
at java.base/jdk.internal.reflect.NativeMethodAccessorImpl.invoke0(Native Method)
at java.base/jdk.internal.reflect.NativeMethodAccessorImpl.invoke(NativeMethodAccessorImpl.java:62)
at java.base/jdk.internal.reflect.DelegatingMethodAccessorImpl.invoke(DelegatingMethodAccessorImpl.java:43)
at java.base/java.lang.reflect.Method.invoke(Method.java:566)
at org.testng.internal.invokers.MethodInvocationHelper.invokeMethod(MethodInvocationHelper.java:139)
at org.testng.internal.invokers.TestInvoker.invokeMethod(TestInvoker.java:677)
at org.testng.internal.invokers.TestInvoker.invokeTestMethod(TestInvoker.java:221)
at org.testng.internal.invokers.MethodRunner.runInSequence(MethodRunner.java:50)
at org.testng.internal.invokers.TestInvoker$MethodInvocationAgent.invoke(TestInvoker.java:962)
at org.testng.internal.invokers.TestInvoker.invokeTestMethods(TestInvoker.java:194)
at org.testng.internal.invokers.TestMethodWorker.invokeTestMethods(TestMethodWorker.java:148)
at org.testng.internal.invokers.TestMethodWorker.run(TestMethodWorker.java:128)
at java.base/java.util.concurrent.ThreadPoolExecutor.runWorker(ThreadPoolExecutor.java:1128)
at java.base/java.util.concurrent.ThreadPoolExecutor$Worker.run(ThreadPoolExecutor.java:628)
at java.base/java.lang.Thread.run(Thread.java:834)
Caused by: java.lang.Error: Unresolved compilation problem: 
FileUtils cannot be resolved

at com.utility.selenium.CMEWebElement.getScreenshotAs(CMEWebElement.java:611)
at com.utility.selenium.CMEAssert.assertTrue(CMEAssert.java:21)
at com.cucumber.stepdefinitions.RequestedReportGUI.verifyReportRequestedPage(RequestedReportGUI.java:61)
at ✽.Given Requested Reports page as landing page after successfully login.(RequestReport_GUI.feature:6)
]]>
            </full-stacktrace>
          </exception> <!-- cucumber.runtime.CucumberException -->
          <reporter-output>
          </reporter-output>
        </test-method> <!-- feature -->
        <test-method is-config="true" signature="tearDownClass()[pri:0, instance:com.utility.cucumber.TestNGCukesRunner@238d68ff]" started-at="2022-07-06T20:53:16 IST" name="tearDownClass" finished-at="2022-07-06T20:53:17 IST" duration-ms="485" status="PASS">
          <reporter-output>
          </reporter-output>
        </test-method> <!-- tearDownClass -->
        <test-method is-config="true" signature="afterTest()[pri:0, instance:com.utility.cucumber.TestNGCukesRunner@238d68ff]" started-at="2022-07-06T20:53:17 IST" name="afterTest" finished-at="2022-07-06T20:53:20 IST" duration-ms="3285" status="PASS">
          <reporter-output>
            <line>
              <![CDATA[==================================================]]>
            </line>
            <line>
              <![CDATA[Testcase End Time : 8_53_17_PM]]>
            </line>
            <line>
              <![CDATA[==================================================]]>
            </line>
            <line>
              <![CDATA[----------------------------------------------- BROWSER SERVICES DOESN'T CLOSE -----------------------------------------------]]>
            </line>
          </reporter-output>
        </test-method> <!-- afterTest -->
        <test-method is-config="true" signature="tearDown()[pri:0, instance:com.utility.cucumber.TestNGCukesRunner@238d68ff]" started-at="2022-07-06T20:53:20 IST" name="tearDown" finished-at="2022-07-06T20:53:20 IST" duration-ms="77" status="PASS">
          <reporter-output>
          </reporter-output>
        </test-method> <!-- tearDown -->
      </class> <!-- com.utility.cucumber.TestNGCukesRunner -->
    </test> <!-- TestNGCucumberRunner -->
  </suite> <!-- GS-Lab Automation -->
</testng-results>
